WARNING: A restricted method in java.lang.System has been called
WARNING: java.lang.System::load has been called by net.rubygrapefruit.platform.internal.NativeLibraryLoader in an unnamed module (file:/Users/ptsiagaabdiutama/.gradle/wrapper/dists/gradle-8.13-bin/5xuhj0ry160q40clulazy9h7d/gradle-8.13/lib/native-platform-0.22-milestone-28.jar)
WARNING: Use --enable-native-access=ALL-UNNAMED to avoid a warning for callers in this module
WARNING: Restricted methods will be blocked in a future release unless native access is enabled

> Task :app:checkKotlinGradlePluginConfigurationErrors SKIPPED
> Task :app:preBuild UP-TO-DATE
> Task :app:preDebugBuild UP-TO-DATE
> Task :app:generateDebugBuildConfig UP-TO-DATE
> Task :app:checkDebugAarMetadata UP-TO-DATE
> Task :app:processDebugNavigationResources UP-TO-DATE
> Task :app:compileDebugNavigationResources UP-TO-DATE
> Task :app:generateDebugResValues UP-TO-DATE
> Task :app:mapDebugSourceSetPaths UP-TO-DATE
> Task :app:generateDebugResources UP-TO-DATE
> Task :app:mergeDebugResources UP-TO-DATE
> Task :app:packageDebugResources UP-TO-DATE
> Task :app:parseDebugLocalResources UP-TO-DATE
> Task :app:createDebugCompatibleScreenManifests UP-TO-DATE
> Task :app:extractDeepLinksDebug UP-TO-DATE
> Task :app:processDebugMainManifest UP-TO-DATE
> Task :app:processDebugManifest UP-TO-DATE
> Task :app:processDebugManifestForPackage UP-TO-DATE
> Task :app:processDebugResources UP-TO-DATE

> Task :app:kspDebugKotlin FAILED
e: [ksp] InjectProcessingStep was unable to process 'CategorySyncUseCase(com.casha.app.domain.repository.CategoryRepository,error.NonExistentClass)' because 'error.NonExistentClass' could not be resolved.

Dependency trace:
    => element (CLASS): CategorySyncUseCase
    => element (CONSTRUCTOR): CategorySyncUseCase(com.casha.app.domain.repository.CategoryRepository,error.NonExistentClass)
    => type (EXECUTABLE constructor): (com.casha.app.domain.repository.CategoryRepository,error.NonExistentClass)void
    => type (ERROR parameter type): error.NonExistentClass

If type 'error.NonExistentClass' is a generated type, check above for compilation errors that may have prevented the type from being generated. Otherwise, ensure that type 'error.NonExistentClass' is on your classpath.
e: [ksp] InjectProcessingStep was unable to process 'BudgetViewModel(com.casha.app.domain.usecase.budget.GetBudgetsUseCase,com.casha.app.domain.usecase.budget.AddBudgetUseCase,com.casha.app.domain.usecase.budget.UpdateBudgetUseCase,com.casha.app.domain.usecase.budget.DeleteBudgetUseCase,com.casha.app.domain.usecase.budget.GetBudgetSummaryUseCase,com.casha.app.domain.usecase.budget.GetBudgetRecommendationsUseCase,com.casha.app.domain.usecase.budget.ApplyBudgetRecommendationsUseCase,com.casha.app.domain.usecase.budget.BudgetSyncUseCase,error.NonExistentClass,com.casha.app.core.network.NetworkMonitor)' because 'error.NonExistentClass' could not be resolved.

Dependency trace:
    => element (CLASS): com.casha.app.ui.feature.budget.BudgetViewModel
    => element (CONSTRUCTOR): BudgetViewModel(com.casha.app.domain.usecase.budget.GetBudgetsUseCase,com.casha.app.domain.usecase.budget.AddBudgetUseCase,com.casha.app.domain.usecase.budget.UpdateBudgetUseCase,com.casha.app.domain.usecase.budget.DeleteBudgetUseCase,com.casha.app.domain.usecase.budget.GetBudgetSummaryUseCase,com.casha.app.domain.usecase.budget.GetBudgetRecommendationsUseCase,com.casha.app.domain.usecase.budget.ApplyBudgetRecommendationsUseCase,com.casha.app.domain.usecase.budget.BudgetSyncUseCase,error.NonExistentClass,com.casha.app.core.network.NetworkMonitor)
    => type (EXECUTABLE constructor): (com.casha.app.domain.usecase.budget.GetBudgetsUseCase,com.casha.app.domain.usecase.budget.AddBudgetUseCase,com.casha.app.domain.usecase.budget.UpdateBudgetUseCase,com.casha.app.domain.usecase.budget.DeleteBudgetUseCase,com.casha.app.domain.usecase.budget.GetBudgetSummaryUseCase,com.casha.app.domain.usecase.budget.GetBudgetRecommendationsUseCase,com.casha.app.domain.usecase.budget.ApplyBudgetRecommendationsUseCase,com.casha.app.domain.usecase.budget.BudgetSyncUseCase,error.NonExistentClass,com.casha.app.core.network.NetworkMonitor)void
    => type (ERROR parameter type): error.NonExistentClass

If type 'error.NonExistentClass' is a generated type, check above for compilation errors that may have prevented the type from being generated. Otherwise, ensure that type 'error.NonExistentClass' is on your classpath.
e: [ksp] InjectProcessingStep was unable to process 'TransactionViewModel(com.casha.app.domain.usecase.dashboard.GetCashflowHistoryUseCase,com.casha.app.domain.usecase.transaction.GetTransactionsUseCase,com.casha.app.domain.usecase.transaction.AddTransactionUseCase,com.casha.app.domain.usecase.transaction.UpdateTransactionUseCase,com.casha.app.domain.usecase.transaction.DeleteTransactionUseCase,com.casha.app.domain.usecase.transaction.SyncTransactionsUseCase,error.NonExistentClass)' because 'error.NonExistentClass' could not be resolved.

Dependency trace:
    => element (CLASS): com.casha.app.ui.feature.transaction.TransactionViewModel
    => element (CONSTRUCTOR): TransactionViewModel(com.casha.app.domain.usecase.dashboard.GetCashflowHistoryUseCase,com.casha.app.domain.usecase.transaction.GetTransactionsUseCase,com.casha.app.domain.usecase.transaction.AddTransactionUseCase,com.casha.app.domain.usecase.transaction.UpdateTransactionUseCase,com.casha.app.domain.usecase.transaction.DeleteTransactionUseCase,com.casha.app.domain.usecase.transaction.SyncTransactionsUseCase,error.NonExistentClass)
    => type (EXECUTABLE constructor): (com.casha.app.domain.usecase.dashboard.GetCashflowHistoryUseCase,com.casha.app.domain.usecase.transaction.GetTransactionsUseCase,com.casha.app.domain.usecase.transaction.AddTransactionUseCase,com.casha.app.domain.usecase.transaction.UpdateTransactionUseCase,com.casha.app.domain.usecase.transaction.DeleteTransactionUseCase,com.casha.app.domain.usecase.transaction.SyncTransactionsUseCase,error.NonExistentClass)void
    => type (ERROR parameter type): error.NonExistentClass

If type 'error.NonExistentClass' is a generated type, check above for compilation errors that may have prevented the type from being generated. Otherwise, ensure that type 'error.NonExistentClass' is on your classpath.
e: Error occurred in KSP, check log for detail

FAILURE: Build failed with an exception.

* What went wrong:
Execution failed for task ':app:kspDebugKotlin'.
> A failure occurred while executing org.jetbrains.kotlin.compilerRunner.GradleCompilerRunnerWithWorkers$GradleKotlinCompilerWorkAction
   > Compilation error. See log for more details

* Try:
> Run with --stacktrace option to get the stack trace.
> Run with --info or --debug option to get more log output.
> Run with --scan to get full insights.
> Get more help at https://help.gradle.org.

BUILD FAILED in 3s
17 actionable tasks: 1 executed, 16 up-to-date
